C:\Program Files\Microsoft Visual Studio\2022\Community\MSBuild\Microsoft\VC\v170\Microsoft.CppBuild.targets(531,5): warning MSB8028: The intermediate directory (x64\Debug\) contains files shared from another project (ZenithOSConsole10.vcxproj, ZenithOSConsole11.vcxproj, ZenithOSConsole12.vcxproj, ZenithOSConsole13.vcxproj, ZenithOSConsole14.vcxproj, ZenithOSConsole15.vcxproj, ZenithOSConsole16.vcxproj, ZenithOSConsole17.vcxproj, ZenithOSConsole18.vcxproj, ZenithOSConsole19.vcxproj, ZenithOSConsole20.vcxproj, ZenithOSConsole21.vcxproj, ZenithOSConsole22.vcxproj, ZenithOSConsole23.vcxproj, ZenithOSConsole24.vcxproj, ZenithOSConsole25.vcxproj, ZenithOSConsole.vcxproj, ZenithOSConsole1.vcxproj, ZenithOSConsole2.vcxproj, ZenithOSConsole3.vcxproj, ZenithOSConsole4.vcxproj, ZenithOSConsole5.vcxproj, ZenithOSConsole6.vcxproj, ZenithOSConsole7.vcxproj, ZenithOSConsole8.vcxproj, ZenithOSConsole9.vcxproj).  This can lead to incorrect clean and rebuild behavior.
  Program1.cpp
  Program2.cpp
  main.cpp
C:\Users\natha\source\repos\Zenith-Program\Console\ZenithOSConsole\ZenithOSProgramListConfigHeader.h(15,49): error C2512: 'ZenithOS::ProgramList::StaticCommandList<1>::StaticCommandList': no appropriate default constructor available
  (compiling source file 'main.cpp')
      C:\Users\natha\source\repos\Zenith-Program\Console\ZenithOSConsole\ZenithOSCommandList.h(25,79):
      could be 'ZenithOS::ProgramList::StaticCommandList<1>::StaticCommandList(T...)'
          C:\Users\natha\source\repos\Zenith-Program\Console\ZenithOSConsole\ZenithOSProgramListConfigHeader.h(15,49):
          'ZenithOS::ProgramList::StaticCommandList<1>::StaticCommandList(T...)': could not deduce template argument for '<unnamed-symbol>'
              C:\Users\natha\source\repos\Zenith-Program\Console\ZenithOSConsole\ZenithOSCommandList.h(25,44):
              'std::enable_if_t<false,void>' : Failed to specialize alias template
      C:\Users\natha\source\repos\Zenith-Program\Console\ZenithOSConsole\ZenithOSProgramListConfigHeader.h(15,49):
      while trying to match the argument list '()'
  
C:\Users\natha\source\repos\Zenith-Program\Console\ZenithOSConsole\ZenithOSProgramListConfigHeader.h(15,49): error C2512: 'ZenithOS::ProgramList::StaticCommandList<2>::StaticCommandList': no appropriate default constructor available
  (compiling source file 'main.cpp')
      C:\Users\natha\source\repos\Zenith-Program\Console\ZenithOSConsole\ZenithOSCommandList.h(25,79):
      could be 'ZenithOS::ProgramList::StaticCommandList<2>::StaticCommandList(T...)'
          C:\Users\natha\source\repos\Zenith-Program\Console\ZenithOSConsole\ZenithOSProgramListConfigHeader.h(15,49):
          'ZenithOS::ProgramList::StaticCommandList<2>::StaticCommandList(T...)': could not deduce template argument for '<unnamed-symbol>'
              C:\Users\natha\source\repos\Zenith-Program\Console\ZenithOSConsole\ZenithOSCommandList.h(25,44):
              'std::enable_if_t<false,void>' : Failed to specialize alias template
      C:\Users\natha\source\repos\Zenith-Program\Console\ZenithOSConsole\ZenithOSProgramListConfigHeader.h(15,49):
      while trying to match the argument list '()'
  
  Generating Code...
